<?xml version="1.0" encoding="UTF-8"?>
<!-- Generated by org.testng.reporters.JUnitXMLReporter -->
<testsuite ignored="0" hostname="Mac.attlocal.net" failures="1" tests="2" name="ErrorValidation" time="14.217" errors="0" timestamp="2025-03-22T21:20:17 CDT">
  <testcase classname="AutomationFramework.tests.ErrorValidation" name="errorValidation" time="1.81">
    <skipped/>
  </testcase> <!-- errorValidation -->
  <testcase classname="AutomationFramework.tests.ErrorValidation" name="errorValidation" time="1.027">
    <failure type="java.lang.AssertionError" message="expected [ Incorrect email or password.] but found [Incorrect email or password.]">
      <![CDATA[java.lang.AssertionError: expected [ Incorrect email or password.] but found [Incorrect email or password.]
at AutomationFramework.tests.ErrorValidation.errorValidation(ErrorValidation.java:21)
at java.base/java.util.ArrayList.forEach(ArrayList.java:1596)
... Removed 31 stack frames]]>
    </failure>
  </testcase> <!-- errorValidation -->
</testsuite> <!-- ErrorValidation -->
