<?xml version="1.0" encoding="UTF-8"?>
<!-- Generated by org.testng.reporters.JUnitXMLReporter -->
<testsuite ignored="0" hostname="Mac.attlocal.net" failures="1" tests="1" name="ErrorValidation" time="12.21" errors="0" timestamp="2025-03-22T11:26:24 CDT">
  <testcase classname="AutomationFramework.tests.ErrorValidation" name="errorValidation" time="2.418">
    <failure type="java.lang.AssertionError" message="expected [ Incorrect email or password.] but found [Incorrect email or password.]">
      <![CDATA[java.lang.AssertionError: expected [ Incorrect email or password.] but found [Incorrect email or password.]
at AutomationFramework.tests.ErrorValidation.errorValidation(ErrorValidation.java:20)
at java.base/java.util.ArrayList.forEach(ArrayList.java:1596)
... Removed 31 stack frames]]>
    </failure>
  </testcase> <!-- errorValidation -->
</testsuite> <!-- ErrorValidation -->
